<?xml version="1.0" encoding="UTF-8"?>
<testng-results ignored="0" total="1" passed="1" failed="0" skipped="0">
  <reporter-output>
  </reporter-output>
  <suite started-at="2025-01-20T23:12:52 IST" name="Default suite" finished-at="2025-01-20T23:12:55 IST" duration-ms="2708">
    <groups>
      <group name="cucumber">
        <method signature="AbstractTestNGCucumberTests.runScenario(io.cucumber.testng.PickleWrapper,io.cucumber.testng.FeatureWrapper)[pri:0, instance:Week4Day1_Cucumber.CreateIncidentTestNGRunnner@609e8838]" name="runScenario" class="io.cucumber.testng.AbstractTestNGCucumberTests"/>
      </group> <!-- cucumber -->
    </groups>
    <test started-at="2025-01-20T23:12:52 IST" name="Default test" finished-at="2025-01-20T23:12:55 IST" duration-ms="2708">
      <class name="Week4Day1_Cucumber.CreateIncidentTestNGRunnner">
        <test-method is-config="true" signature="setUpClass(org.testng.ITestContext)[pri:0, instance:Week4Day1_Cucumber.CreateIncidentTestNGRunnner@609e8838]" started-at="2025-01-20T23:12:52 IST" name="setUpClass" finished-at="2025-01-20T23:12:53 IST" duration-ms="847" status="PASS">
          <params>
            <param index="0">
              <value>
                <![CDATA[org.testng.TestRunner@507b79f7]]>
              </value>
            </param>
          </params>
          <reporter-output>
          </reporter-output>
        </test-method> <!-- setUpClass -->
        <test-method signature="runScenario(io.cucumber.testng.PickleWrapper,io.cucumber.testng.FeatureWrapper)[pri:0, instance:Week4Day1_Cucumber.CreateIncidentTestNGRunnner@609e8838]" started-at="2025-01-20T23:12:53 IST" name="runScenario" description="Runs Cucumber Scenarios" data-provider="scenarios" finished-at="2025-01-20T23:12:53 IST" duration-ms="110" status="PASS">
          <params>
            <param index="0">
              <value>
                <![CDATA["Create new incidents without body in ServiceNow Api"]]>
              </value>
            </param>
            <param index="1">
              <value>
                <![CDATA["Create new incidents in ServiceNow Api"]]>
              </value>
            </param>
          </params>
          <reporter-output>
          </reporter-output>
        </test-method> <!-- runScenario -->
        <test-method is-config="true" signature="tearDownClass()[pri:0, instance:Week4Day1_Cucumber.CreateIncidentTestNGRunnner@609e8838]" started-at="2025-01-20T23:12:53 IST" name="tearDownClass" finished-at="2025-01-20T23:12:55 IST" duration-ms="1702" status="PASS">
          <reporter-output>
          </reporter-output>
        </test-method> <!-- tearDownClass -->
      </class> <!-- Week4Day1_Cucumber.CreateIncidentTestNGRunnner -->
    </test> <!-- Default test -->
  </suite> <!-- Default suite -->
</testng-results>
